FACE recognized as: 0000000-----候文龙: 2025-02-17T22:46:52.451223700
FACE recognized as: 0000000-----候文龙: 2025-02-18T00:40:03.041563
FACE recognized as: 0000000-----候文龙: 2025-02-18T00:40:07.854308700
FACE recognized as: 0000000-----候文龙: 2025-02-18T00:40:08.848884
FACE recognized as: 0000000-----候文龙: 2025-02-18T00:40:09.071107700
FACE recognized as: 0000000-----候文龙: 2025-02-18T00:40:09.448925200
FACE recognized as: 0000000-----候文龙: 2025-02-18T00:40:09.768197400
FACE recognized as: 0000000-----候文龙: 2025-02-18T00:40:10.060658200
FACE recognized as: 0000000-----候文龙: 2025-02-18T00:40:10.303630700
FACE recognized as: 0000000-----候文龙: 2025-02-18T00:40:10.559001
FACE recognized as: 0000000-----候文龙: 2025-02-18T00:43:16.937413400
FACE recognized as: 0000000-----候文龙: 2025-02-18T00:43:17.210935
FACE recognized as: 0000000-----候文龙: 2025-02-18T00:43:17.828206100
FACE recognized as: 0000000-----候文龙: 2025-02-18T00:43:18.104756800
FACE recognized as: 0000000-----候文龙: 2025-02-18T00:43:18.742279600
FACE recognized as: 0000000-----候文龙: 2025-02-18T00:43:19.539140500
FACE recognized as: 0000000-----候文龙: 2025-02-18T00:45:32.254079800
FACE recognized as: 0000000-----候文龙: 2025-02-18T00:45:32.873165600
FACE recognized as: 0000000-----候文龙: 2025-02-18T00:45:33.137314200
FACE recognized as: 0000000-----候文龙: 2025-02-18T00:48:38.174462400
FACE recognized as: 0000000-----候文龙: 2025-02-18T00:48:38.453253300
FACE recognized as: 0000000-----候文龙: 2025-02-18T00:48:38.756377400
FACE recognized as: 0000000-----候文龙: 2025-02-18T00:50:41.573472600
FACE recognized as: 0000000-----候文龙: 2025-02-18T00:50:41.845247900
FACE recognized as: 0000000-----候文龙: 2025-02-18T00:50:42.157652500
FACE recognized as: 0000002-----小胡: 2025-02-18T00:51:12.023648900
FACE recognized as: 0000002-----小胡: 2025-02-18T00:51:12.291291800
FACE recognized as: 0000002-----小胡: 2025-02-18T00:51:12.291291800
FACE recognized as: 0000002-----小胡: 2025-02-18T00:51:12.520302
FACE recognized as: 0000003-----小黄: 2025-02-18T00:51:12.793741900
FACE recognized as: 0000004-----小黑: 2025-02-18T00:51:12.996058500
FACE recognized as: 0000001-----小白: 2025-02-18T00:57:36.231779900
FACE recognized as: 0000001-----小白: 2025-02-18T00:57:36.474134900
FACE recognized as: 0000001-----小白: 2025-02-18T00:57:36.692619
FACE recognized as: 0000001-----小白: 2025-02-18T00:57:36.925855900
FACE recognized as: 0000002-----小胡: 2025-02-18T01:01:01.278328700
FACE recognized as: 0000001-----小白: 2025-02-18T01:01:01.490624900
FACE recognized as: 0000002-----小胡: 2025-02-18T01:01:01.491625
FACE recognized as: 0000002-----小胡: 2025-02-18T01:01:01.741132600
FACE recognized as: 0000002-----小胡: 2025-02-18T01:01:01.938301700
FACE recognized as: 0000002-----小胡: 2025-02-18T01:01:02.201861800
FACE recognized as: 0000001-----小白: 2025-02-18T01:01:02.410947700
FACE recognized as: 0000002-----小胡: 2025-02-18T01:01:02.667657
FACE recognized as: 0000001-----小白: 2025-02-18T01:01:03.002819800
FACE recognized as: 0000002-----小胡: 2025-02-18T01:01:03.197843800
FACE recognized as: 0000004-----小黑: 2025-02-18T01:01:28.538737600
FACE recognized as: 0000004-----小黑: 2025-02-18T01:01:28.747983900
FACE recognized as: 0000004-----小黑: 2025-02-18T01:01:29.012440
FACE recognized as: 0000004-----小黑: 2025-02-18T01:01:29.340704
FACE recognized as: 0000004-----小黑: 2025-02-18T01:01:29.528909700
FACE recognized as: 0000000-----候文龙: 2025-02-18T01:01:30.013078600
FACE recognized as: 0000000-----候文龙: 2025-02-18T01:01:30.634092400
FACE recognized as: 0000001-----小白: 2025-02-18T01:01:32.207529200
FACE recognized as: 0000003-----小黄: 2025-02-18T01:01:32.415155300
FACE recognized as: 0000003-----小黄: 2025-02-18T01:01:32.666262700
FACE recognized as: 0000003-----小黄: 2025-02-18T01:01:32.911646800
FACE recognized as: 0000003-----小黄: 2025-02-18T01:01:33.136293700
FACE recognized as: 0000003-----小黄: 2025-02-18T01:01:33.464757
FACE recognized as: 0000003-----小黄: 2025-02-18T01:01:33.710722400
FACE recognized as: 0000003-----小黄: 2025-02-18T01:01:33.936381400
FACE recognized as: 0000003-----小黄: 2025-02-18T01:01:34.267277700
FACE recognized as: 0000001-----小白: 2025-02-18T01:01:34.497181100
FACE recognized as: 0000001-----小白: 2025-02-18T01:01:34.733538
FACE recognized as: 0000002-----小胡: 2025-02-18T01:01:34.974322100
FACE recognized as: 0000001-----小白: 2025-02-18T01:01:35.195871
FACE recognized as: 0000001-----小白: 2025-02-18T01:01:35.435457
FACE recognized as: 0000002-----小胡: 2025-02-18T01:01:35.660409600
FACE recognized as: 0000002-----小胡: 2025-02-18T01:01:35.909901
FACE recognized as: 0000002-----小胡: 2025-02-18T01:01:36.122475200
FACE recognized as: 0000002-----小胡: 2025-02-18T01:01:36.363208700
FACE recognized as: 0000002-----小胡: 2025-02-18T01:01:36.585901800
FACE recognized as: 0000003-----小黄: 2025-02-18T01:01:36.831073700
FACE recognized as: 0000003-----小黄: 2025-02-18T01:01:37.068761
FACE recognized as: 0000003-----小黄: 2025-02-18T01:01:37.289745100
FACE recognized as: 0000001-----小白: 2025-02-18T01:01:37.535586
FACE recognized as: 0000002-----小胡: 2025-02-18T01:01:37.760915700
FACE recognized as: 0000001-----小白: 2025-02-18T01:01:37.998669100
FACE recognized as: 0000002-----小胡: 2025-02-18T01:01:38.222578
FACE recognized as: 0000001-----小白: 2025-02-18T01:01:38.462811400
FACE recognized as: 0000002-----小胡: 2025-02-18T01:01:38.687247800
FACE recognized as: 0000002-----小胡: 2025-02-18T01:01:38.926087600
FACE recognized as: 0000002-----小胡: 2025-02-18T01:01:39.148924300
FACE recognized as: 0000002-----小胡: 2025-02-18T01:01:39.387015300
FACE recognized as: 0000001-----小白: 2025-02-18T01:01:39.628432200
FACE recognized as: 0000001-----小白: 2025-02-18T01:01:39.857824200
FACE recognized as: 0000001-----小白: 2025-02-18T01:01:40.094397200
FACE recognized as: 0000002-----小胡: 2025-02-18T01:01:40.317342400
FACE recognized as: 0000002-----小胡: 2025-02-18T01:01:40.562840300
FACE recognized as: 0000001-----小白: 2025-02-18T01:01:40.781286700
FACE recognized as: 0000001-----小白: 2025-02-18T01:01:41.017674300
FACE recognized as: 0000001-----小白: 2025-02-18T01:01:41.244553700
FACE recognized as: 0000002-----小胡: 2025-02-18T01:01:41.483500
FACE recognized as: 0000002-----小胡: 2025-02-18T01:01:41.708657
FACE recognized as: 0000002-----小胡: 2025-02-18T01:01:41.949739900
FACE recognized as: 0000002-----小胡: 2025-02-18T01:01:42.189251100
FACE recognized as: 0000002-----小胡: 2025-02-18T01:01:42.416967300
FACE recognized as: 0000002-----小胡: 2025-02-18T01:01:42.652905800
FACE recognized as: 0000002-----小胡: 2025-02-18T01:01:42.911637800
FACE recognized as: 0000002-----小胡: 2025-02-18T01:01:43.109656500
FACE recognized as: 0000002-----小胡: 2025-02-18T01:01:43.372674100
FACE recognized as: 0000002-----小胡: 2025-02-18T01:01:43.579763
FACE recognized as: 0000002-----小胡: 2025-02-18T01:01:43.803706500
FACE recognized as: 0000001-----小白: 2025-02-18T01:01:44.047711500
FACE recognized as: 0000002-----小胡: 2025-02-18T01:01:44.285210900
FACE recognized as: 0000002-----小胡: 2025-02-18T01:01:44.540194200
FACE recognized as: 0000003-----小黄: 2025-02-18T01:01:44.849750300
FACE recognized as: 0000003-----小黄: 2025-02-18T01:01:45.084420700
FACE recognized as: 0000002-----小胡: 2025-02-18T01:01:45.341830300
FACE recognized as: 0000002-----小胡: 2025-02-18T01:01:45.546491100
FACE recognized as: 0000002-----小胡: 2025-02-18T01:01:45.809933200
FACE recognized as: 0000002-----小胡: 2025-02-18T01:01:46.138490800
FACE recognized as: 0000001-----小白: 2025-02-18T01:01:46.345267700
FACE recognized as: 0000001-----小白: 2025-02-18T01:01:46.609456400
FACE recognized as: 0000003-----小黄: 2025-02-18T01:01:46.791819400
FACE recognized as: 0000003-----小黄: 2025-02-18T01:01:47.067806700
FACE recognized as: 0000001-----小白: 2025-02-18T01:01:47.405888700
FACE recognized as: 0000001-----小白: 2025-02-18T01:03:25.256212900
FACE recognized as: 0000002-----小胡: 2025-02-18T01:03:25.499346700
FACE recognized as: 0000003-----小黄: 2025-02-18T01:03:25.499346700
FACE recognized as: 0000002-----小胡: 2025-02-18T01:03:25.720925200
FACE recognized as: 0000002-----小胡: 2025-02-18T01:03:25.964964600
FACE recognized as: 0000003-----小黄: 2025-02-18T01:03:26.204100900
FACE recognized as: 0000003-----小黄: 2025-02-18T01:03:26.429457500
FACE recognized as: 0000003-----小黄: 2025-02-18T01:03:26.668010700
FACE recognized as: 0000002-----小胡: 2025-02-18T01:03:26.893356200
FACE recognized as: 0000003-----小黄: 2025-02-18T01:03:27.132707700
FACE recognized as: 0000001-----小白: 2025-02-18T01:03:27.354999600
FACE recognized as: 0000003-----小黄: 2025-02-18T01:03:27.599180700
FACE recognized as: 0000001-----小白: 2025-02-18T01:03:27.820178900
FACE recognized as: 0000001-----小白: 2025-02-18T01:03:28.057941400
FACE recognized as: 0000001-----小白: 2025-02-18T01:03:28.282590800
FACE recognized as: 0000001-----小白: 2025-02-18T01:03:28.523010900
FACE recognized as: 0000002-----小胡: 2025-02-18T01:03:28.766817100
FACE recognized as: 0000004-----小黑: 2025-02-18T01:03:28.985844200
FACE recognized as: 0000003-----小黄: 2025-02-18T01:03:29.222823400
FACE recognized as: 0000002-----小胡: 2025-02-18T01:03:29.223824700
FACE recognized as: 0000003-----小黄: 2025-02-18T01:03:29.451106100
FACE recognized as: 0000004-----小黑: 2025-02-18T01:03:29.695373300
FACE recognized as: 0000004-----小黑: 2025-02-18T01:03:29.917692900
FACE recognized as: 0000002-----小胡: 2025-02-18T01:03:30.153581400
FACE recognized as: 0000001-----小白: 2025-02-18T01:03:30.379360700
FACE recognized as: 0000002-----小胡: 2025-02-18T01:03:30.618117900
FACE recognized as: 0000004-----小黑: 2025-02-18T01:03:30.858832200
FACE recognized as: 0000002-----小胡: 2025-02-18T01:03:31.082689400
FACE recognized as: 0000002-----小胡: 2025-02-18T01:03:31.082689400
FACE recognized as: 0000002-----小胡: 2025-02-18T01:03:53.164849900
FACE recognized as: 0000002-----小胡: 2025-02-18T01:03:53.397405
FACE recognized as: 0000002-----小胡: 2025-02-18T01:03:54.096233800
FACE recognized as: 0000002-----小胡: 2025-02-18T01:03:54.318576300
FACE recognized as: 0000004-----小黑: 2025-02-18T01:03:54.557859800
FACE recognized as: 0000002-----小胡: 2025-02-18T01:03:55.018600
FACE recognized as: 0000003-----小黄: 2025-02-18T01:03:55.018600
FACE recognized as: 0000001-----小白: 2025-02-18T01:03:55.249291600
FACE recognized as: 0000004-----小黑: 2025-02-18T01:04:58.119459100
FACE recognized as: 0000002-----小胡: 2025-02-18T01:04:58.313360100
FACE recognized as: 0000002-----小胡: 2025-02-18T01:04:58.555546600
FACE recognized as: 0000002-----小胡: 2025-02-18T01:04:58.781679400
FACE recognized as: 0000002-----小胡: 2025-02-18T01:04:59.022565800
FACE recognized as: 0000003-----小黄: 2025-02-18T01:04:59.262656900
FACE recognized as: 0000002-----小胡: 2025-02-18T01:04:59.484554600
FACE recognized as: 0000000-----候文龙: 2025-02-18T01:05:34.447365900
FACE recognized as: 0000000-----候文龙: 2025-02-18T01:05:35.032845
FACE recognized as: 0000003-----小黄: 2025-02-18T01:07:19.901232800
FACE recognized as: 0000003-----小黄: 2025-02-18T01:07:20.123584900
FACE recognized as: 0000002-----小胡: 2025-02-18T01:07:20.366934500
FACE recognized as: 0000003-----小黄: 2025-02-18T01:07:20.584907700
FACE recognized as: 0000003-----小黄: 2025-02-18T01:07:20.827399900
FACE recognized as: 0000003-----小黄: 2025-02-18T01:07:21.054577700
FACE recognized as: 0000003-----小黄: 2025-02-18T01:07:21.288570200
FACE recognized as: 0000003-----小黄: 2025-02-18T01:07:21.533878300
FACE recognized as: 0000001-----小白: 2025-02-18T01:07:21.755689800
FACE recognized as: 0000003-----小黄: 2025-02-18T01:07:21.993833700
FACE recognized as: 0000001-----小白: 2025-02-18T01:07:22.219507300
FACE recognized as: 0000002-----小胡: 2025-02-18T01:07:22.459607600
FACE recognized as: 0000001-----小白: 2025-02-18T01:07:22.683808300
FACE recognized as: 0000002-----小胡: 2025-02-18T01:07:22.925463100
FACE recognized as: 0000002-----小胡: 2025-02-18T01:07:23.147020400
FACE recognized as: 0000003-----小黄: 2025-02-18T01:07:23.388671800
FACE recognized as: 0000003-----小黄: 2025-02-18T01:07:23.612793300
FACE recognized as: 0000002-----小胡: 2025-02-18T01:07:23.854800500
FACE recognized as: 0000002-----小胡: 2025-02-18T01:07:24.093563100
FACE recognized as: 0000002-----小胡: 2025-02-18T01:07:24.313841900
FACE recognized as: 0000002-----小胡: 2025-02-18T01:07:24.557998900
FACE recognized as: 0000002-----小胡: 2025-02-18T01:07:24.782351200
FACE recognized as: 0000002-----小胡: 2025-02-18T01:07:25.016352900
FACE recognized as: 0000002-----小胡: 2025-02-18T01:07:25.279277
FACE recognized as: 0000002-----小胡: 2025-02-18T01:07:25.483731500
FACE recognized as: 0000002-----小胡: 2025-02-18T01:07:25.720939100
FACE recognized as: 0000001-----小白: 2025-02-18T01:07:58.140754800
FACE recognized as: 0000001-----小白: 2025-02-18T01:07:58.430879100
FACE recognized as: 0000004-----小黑: 2025-02-18T01:07:58.670882
FACE recognized as: 0000004-----小黑: 2025-02-18T01:07:58.895023200
FACE recognized as: 0000004-----小黑: 2025-02-18T01:07:59.133639700
FACE recognized as: 0000004-----小黑: 2025-02-18T01:07:59.381273200
FACE recognized as: 0000004-----小黑: 2025-02-18T01:07:59.600603600
FACE recognized as: 0000004-----小黑: 2025-02-18T01:08:00.064433800
FACE recognized as: 0000004-----小黑: 2025-02-18T01:08:00.301437900
FACE recognized as: 0000004-----小黑: 2025-02-18T01:08:00.526446
FACE recognized as: 0000004-----小黑: 2025-02-18T01:08:00.766419
FACE recognized as: 0000004-----小黑: 2025-02-18T01:08:00.991649100
FACE recognized as: 0000004-----小黑: 2025-02-18T01:08:01.473085500
FACE recognized as: 0000004-----小黑: 2025-02-18T01:08:01.933442800
FACE recognized as: 0000004-----小黑: 2025-02-18T01:08:02.159713300
FACE recognized as: 0000001-----小白: 2025-02-18T01:08:02.399654700
FACE recognized as: 0000004-----小黑: 2025-02-18T01:08:02.621602900
FACE recognized as: 0000002-----小胡: 2025-02-18T01:12:18.398643400
FACE recognized as: 0000002-----小胡: 2025-02-18T01:12:18.624843500
FACE recognized as: 0000002-----小胡: 2025-02-18T01:12:18.865033
FACE recognized as: 0000002-----小胡: 2025-02-18T01:12:19.104324300
FACE recognized as: 0000002-----小胡: 2025-02-18T01:12:19.321070700
FACE recognized as: 0000002-----小胡: 2025-02-18T01:12:19.560797400
FACE recognized as: 0000004-----小黑: 2025-02-18T01:12:19.797387900
FACE recognized as: 0000003-----小黄: 2025-02-18T01:14:01.659048500
FACE recognized as: 0000003-----小黄: 2025-02-18T01:14:01.881053100
FACE recognized as: 0000003-----小黄: 2025-02-18T01:14:02.111104
FACE recognized as: 0000002-----小胡: 2025-02-18T01:14:02.328564900
FACE recognized as: 0000002-----小胡: 2025-02-18T01:14:02.592686500
FACE recognized as: 0000000-----候文龙: 2025-02-18T01:16:03.239119200
FACE recognized as: 0000000-----候文龙: 2025-02-18T01:16:03.512645300
FACE recognized as: 0000000-----候文龙: 2025-02-18T01:16:03.830757900
FACE recognized as: 0000000-----候文龙: 2025-02-18T01:17:04.765774100
FACE recognized as: 0000000-----候文龙: 2025-02-18T01:17:05.035338900
FACE recognized as: 0000000-----候文龙: 2025-02-18T01:17:05.347040400
FACE recognized as: 0000000-----候文龙: 2025-02-18T01:17:05.645983
FACE recognized as: 0000000-----候文龙: 2025-02-18T01:17:45.087466100
FACE recognized as: 0000000-----候文龙: 2025-02-18T01:17:45.376542300
FACE recognized as: 0000000-----候文龙: 2025-02-18T01:17:45.612480800
FACE recognized as: 0000000-----候文龙: 2025-02-18T01:18:55.096914700
FACE recognized as: 0000002-----小胡: 2025-02-18T01:19:36.890909
FACE recognized as: 0000002-----小胡: 2025-02-18T01:19:37.583957400
FACE recognized as: 0000002-----小胡: 2025-02-18T01:19:37.823243600
FACE recognized as: 0000003-----小黄: 2025-02-18T01:20:18.666430900
FACE recognized as: 0000003-----小黄: 2025-02-18T01:20:18.890940500
FACE recognized as: 0000003-----小黄: 2025-02-18T01:20:19.598085500
FACE recognized as: 0000003-----小黄: 2025-02-18T01:20:20.065044300
FACE recognized as: 0000003-----小黄: 2025-02-18T01:20:20.993627500
FACE recognized as: 0000002-----小胡: 2025-02-18T01:20:46.266274800
FACE recognized as: 0000002-----小胡: 2025-02-18T01:20:47.743148
FACE recognized as: 0000004-----小黑: 2025-02-18T01:21:05.188242400
FACE recognized as: 0000004-----小黑: 2025-02-18T01:21:05.423840500
FACE recognized as: 0000004-----小黑: 2025-02-18T01:21:06.345677
FACE recognized as: 0000003-----小黄: 2025-02-18T01:21:19.663301500
FACE recognized as: 0000003-----小黄: 2025-02-18T01:21:26.755504900
FACE recognized as: 0000003-----小黄: 2025-02-18T01:21:42.920595600
FACE recognized as: 0000003-----小黄: 2025-02-18T01:21:43.412990900
FACE recognized as: 0000003-----小黄: 2025-02-18T01:21:48.369354400
FACE recognized as: 0000003-----小黄: 2025-02-18T01:22:16.440791500
FACE recognized as: 0000002-----小胡: 2025-02-18T01:22:39.838081300
FACE recognized as: 0000001-----小白: 2025-02-18T01:22:40.303179400
FACE recognized as: 0000000-----候文龙: 2025-02-19T18:57:08.292738500
FACE recognized as: 0000000-----候文龙: 2025-02-19T18:57:08.841387400
FACE recognized as: 0000000-----候文龙: 2025-02-19T19:01:24.357329700
FACE recognized as: 0000000-----候文龙: 2025-02-19T21:09:19.031103200
FACE recognized as: 0000000-----候文龙: 2025-02-19T21:09:24.624457500
FACE recognized as: 0000000-----候文龙: 2025-02-19T21:09:24.867490500
FACE recognized as: 0000000-----候文龙: 2025-02-19T21:21:28.969331700
FACE recognized as: 0000000-----候文龙: 2025-02-19T21:21:54.636594400
FACE recognized as: 0000002-----小胡: 2025-02-19T21:45:16.153031900
FACE recognized as: 0000002-----小胡: 2025-02-19T21:45:35.128628900
FACE recognized as: 0000002-----小胡: 2025-02-19T21:45:35.386553700
FACE recognized as: 0000002-----小胡: 2025-02-19T21:45:35.606902100
FACE recognized as: 0000002-----小胡: 2025-02-19T21:45:36.064290
FACE recognized as: 0000002-----小胡: 2025-02-19T21:45:36.305717900
FACE recognized as: 0000003-----小黄: 2025-02-19T21:45:43.013722300
FACE recognized as: 0000003-----小黄: 2025-02-19T21:45:43.203921700
FACE recognized as: 0000002-----小胡: 2025-02-19T21:48:48.517067500
FACE recognized as: 0000003-----小黄: 2025-02-19T21:49:06.220244600
FACE recognized as: 0000004-----小黑: 2025-02-19T21:49:20.573454700
FACE recognized as: 0000003-----小黄: 2025-02-19T21:58:12.185534600
FACE recognized as: 0000003-----小黄: 2025-02-19T21:58:12.420052900
FACE recognized as: 0000003-----小黄: 2025-02-19T21:58:12.643742300
FACE recognized as: 0000002-----小胡: 2025-02-19T21:58:24.066977500
FACE recognized as: 0000002-----小胡: 2025-02-19T21:58:24.767175800
FACE recognized as: 0000003-----小黄: 2025-02-19T22:01:35.763012400
FACE recognized as: 0000003-----小黄: 2025-02-19T22:01:36.926847600
FACE recognized as: 0000003-----小黄: 2025-02-19T22:01:37.150072800
FACE recognized as: 0000004-----小黑: 2025-02-19T22:01:53.135591
FACE recognized as: 0000004-----小黑: 2025-02-19T22:05:32.080878800
FACE recognized as: 0000002-----小胡: 2025-02-19T22:05:39.873898300
FACE recognized as: 0000002-----小胡: 2025-02-19T22:09:17.130570900
FACE recognized as: 0000004-----小黑: 2025-02-19T22:09:23.972017500
FACE recognized as: 0000001-----小白: 2025-02-19T22:11:20.691833700
FACE recognized as: 0000002-----小胡: 2025-02-19T22:14:53.559256
FACE recognized as: 0000002-----小胡: 2025-02-19T22:15:22.663116600
FACE recognized as: 0000002-----小胡: 2025-02-19T22:15:23.627763
FACE recognized as: 0000002-----小胡: 2025-02-19T22:15:24.893851400
FACE recognized as: 0000003-----小黄: 2025-02-19T22:15:25.819929200
FACE recognized as: 0000002-----小胡: 2025-02-19T22:21:17.735476300
FACE recognized as: 0000002-----小胡: 2025-02-19T22:21:17.979626200
FACE recognized as: 0000002-----小胡: 2025-02-19T22:21:18.209796700
FACE recognized as: 0000002-----小胡: 2025-02-19T22:23:09.462667600
FACE recognized as: 0000004-----小黑: 2025-02-19T23:46:55.699457800
FACE recognized as: 0000004-----小黑: 2025-02-20T00:42:45.430511100
FACE recognized as: 0000001-----小白: 2025-02-20T00:46:36.821833900
FACE recognized as: 0000004-----小黑: 2025-02-20T00:50:01.916490500
FACE recognized as: 0000004-----小黑: 2025-02-20T00:54:57.677980
FACE recognized as: 0000004-----小黑: 2025-02-20T00:57:32.979121
FACE recognized as: 0000004-----小黑: 2025-02-20T01:01:28.137639600
FACE recognized as: 0000004-----小黑: 2025-02-20T01:04:49.024611700
FACE recognized as: 0000004-----小黑: 2025-02-20T01:04:49.685626200
FACE recognized as: 0000004-----小黑: 2025-02-23T22:29:52.116072
FACE recognized as: 0000002-----小胡: 2025-02-23T22:30:11.641847600
FACE recognized as: 0000002-----小胡: 2025-02-23T22:30:12.345352800
Connecting to broker: tcp://123.57.2.28:1883: 2025-02-23T22:44:00.404274800
Connected: 2025-02-23T22:44:00.768890700
Subscribed to topic: CowFace: 2025-02-23T22:44:00.797160500
-------------------------------start---------------------------------
		welcome to CowFace
-------------------------------------------: 2025-02-23T22:45:48.148230900
-------------------------------start---------------------------------
		welcome to CowFace
---------------------------------------------------------------------: 2025-02-23T22:46:34.618357900
-------------------------------start---------------------------------
					welcome to CowFace
---------------------------------------------------------------------: 2025-02-23T22:49:07.584089100
Start logging log files...: 2025-02-23T22:49:07.585104900
Connecting to broker: tcp://123.57.2.28:1883: 2025-02-23T22:49:15.512498900
Connected: 2025-02-23T22:49:15.884609400
Subscribed to topic: CowFace: 2025-02-23T22:49:15.919389800
-------------------------------start---------------------------------
					welcome to CowFace
---------------------------------------------------------------------: 2025-02-23T23:12:54.971770300
Start logging log files...: 2025-02-23T23:12:54.971770300
Connecting to broker: tcp://123.57.2.28:1883: 2025-02-23T23:13:03.319764
Connected: 2025-02-23T23:13:03.688533300
Subscribed to topic: CowFace: 2025-02-23T23:13:03.719889400
响应状态码: 200: 2025-02-23T23:13:24.491355600
响应内容: {"status":true,"message":"当日已用3/100。严谨发广告,违法信息,后台数据保留6个月。"}: 2025-02-23T23:13:24.493354900
-------------------------------start---------------------------------
					welcome to CowFace
---------------------------------------------------------------------: 2025-02-23T23:14:44.029725100
Start logging log files...: 2025-02-23T23:14:44.029725100
Connecting to broker: tcp://123.57.2.28:1883: 2025-02-23T23:14:56.865209800
Connected: 2025-02-23T23:14:57.230455900
Subscribed to topic: CowFace: 2025-02-23T23:14:57.259634100
-------------------------------start---------------------------------
					welcome to CowFace
---------------------------------------------------------------------: 2025-02-23T23:17:35.839721600
Start logging log files...: 2025-02-23T23:17:35.840722
Connecting to broker: tcp://123.57.2.28:1883: 2025-02-23T23:17:45.404633900
Connected: 2025-02-23T23:17:45.769096600
Subscribed to topic: CowFace: 2025-02-23T23:17:45.796776600
-------------------------------start---------------------------------
					welcome to CowFace
---------------------------------------------------------------------: 2025-02-23T23:26:04.786972100
Start logging log files...: 2025-02-23T23:26:04.787974900
Connecting to broker: tcp://123.57.2.28:1883: 2025-02-23T23:26:13.296624600
Connected: 2025-02-23T23:26:13.665644200
Subscribed to topic: CowFace: 2025-02-23T23:26:13.695710800
-------------------------------start---------------------------------
					welcome to CowFace
---------------------------------------------------------------------: 2025-02-23T23:26:50.076870600
Start logging log files...: 2025-02-23T23:26:50.078229500
Connecting to broker: tcp://123.57.2.28:1883: 2025-02-23T23:26:56.876613900
Connected: 2025-02-23T23:26:57.245598400
Subscribed to topic: CowFace: 2025-02-23T23:26:57.276284400
-------------------------------start---------------------------------
					welcome to CowFace
---------------------------------------------------------------------: 2025-02-23T23:27:21.109105200
Start logging log files...: 2025-02-23T23:27:21.110104100
Connecting to broker: tcp://123.57.2.28:1883: 2025-02-23T23:27:29.671078100
Connected: 2025-02-23T23:27:30.043627900
Subscribed to topic: CowFace: 2025-02-23T23:27:30.075945900
-------------------------------start---------------------------------
					welcome to CowFace
---------------------------------------------------------------------: 2025-02-23T23:32:18.774971100
Start logging log files...: 2025-02-23T23:32:18.775498900
Connecting to broker: tcp://123.57.2.28:1883: 2025-02-23T23:32:27.590669
Connected: 2025-02-23T23:32:27.961707500
Subscribed to topic: CowFace: 2025-02-23T23:32:27.993943600
-------------------------------start---------------------------------
					welcome to CowFace
---------------------------------------------------------------------: 2025-02-23T23:33:13.019723400
Start logging log files...: 2025-02-23T23:33:13.020723200
Connecting to broker: tcp://123.57.2.28:1883: 2025-02-23T23:33:19.049933800
Connected: 2025-02-23T23:33:19.417180900
Subscribed to topic: CowFace: 2025-02-23T23:33:19.447386400
-------------------------------start---------------------------------
					welcome to CowFace
---------------------------------------------------------------------: 2025-02-23T23:35:46.076046600
Start logging log files...: 2025-02-23T23:35:46.077046900
Connecting to broker: tcp://123.57.2.28:1883: 2025-02-23T23:35:53.898165200
Connected: 2025-02-23T23:35:54.265679300
Subscribed to topic: CowFace: 2025-02-23T23:35:54.294659500
-------------------------------start---------------------------------
					welcome to CowFace
---------------------------------------------------------------------: 2025-02-24T14:23:29.903899600
Start logging log files...: 2025-02-24T14:23:29.904900100
Connecting to broker: tcp://123.57.2.28:1883: 2025-02-24T14:24:14.850301600
Connected: 2025-02-24T14:24:15.218814
Subscribed to topic: CowFace: 2025-02-24T14:24:15.248030900
-------------------------------start---------------------------------
					welcome to CowFace
---------------------------------------------------------------------: 2025-02-24T14:37:52.866145300
Start logging log files...: 2025-02-24T14:37:52.867150100
-------------------------------start---------------------------------
					welcome to CowFace
---------------------------------------------------------------------: 2025-02-24T14:38:27.132972800
Start logging log files...: 2025-02-24T14:38:27.133973400
-------------------------------start---------------------------------
					welcome to CowFace
---------------------------------------------------------------------: 2025-02-24T15:01:19.288572100
Start logging log files...: 2025-02-24T15:01:19.288572100
Connecting to broker: tcp://123.57.2.28:1883: 2025-02-24T15:01:28.208179800
Connected: 2025-02-24T15:01:28.579404
Subscribed to topic: CowFace: 2025-02-24T15:01:28.610567700
